Java HotSpot(TM) 64-Bit Server VM (25.111-b14) for windows-amd64 JRE (1.8.0_111-b14), built on Sep 22 2016 19:24:05 by "java_re" with MS VC++ 10.0 (VS2010)
Memory: 4k page, physical 16714364k(9845284k free), swap 33426828k(23180724k free)
CommandLine flags: -XX:InitialHeapSize=273888048 -XX:MaxHeapSize=1073741824 -XX:MaxNewSize=268435456 -XX:MaxTenuringThreshold=6 -XX:NewSize=268435456 -XX:OldPLABSize=16 -XX:+PrintGC -XX:+PrintGCDateStamps -XX:+PrintGCDetails -XX:+PrintGCTimeStamps -XX:+UseCompressedClassPointers -XX:+UseCompressedOops -XX:+UseConcMarkSweepGC -XX:-UseLargePagesIndividualAllocation -XX:+UseParNewGC 
2019-03-16T22:39:28.314+0900: 0.969: [GC (Allocation Failure) 2019-03-16T22:39:28.314+0900: 0.969: [ParNew: 209792K->26175K(235968K), 0.7351490 secs] 209792K->190186K(400224K), 0.7354522 secs] [Times: user=2.42 sys=0.09, real=0.74 secs] 
2019-03-16T22:39:29.049+0900: 1.704: [GC (CMS Initial Mark) [1 CMS-initial-mark: 164011K(164256K)] 194378K(400224K), 0.0056976 secs] [Times: user=0.00 sys=0.00, real=0.01 secs] 
2019-03-16T22:39:29.055+0900: 1.710: [CMS-concurrent-mark-start]
2019-03-16T22:39:29.225+0900: 1.880: [CMS-concurrent-mark: 0.170/0.170 secs] [Times: user=0.17 sys=0.00, real=0.17 secs] 
2019-03-16T22:39:29.225+0900: 1.880: [CMS-concurrent-preclean-start]
2019-03-16T22:39:29.225+0900: 1.880: [CMS-concurrent-preclean: 0.000/0.000 secs] [Times: user=0.00 sys=0.00, real=0.00 secs] 
2019-03-16T22:39:29.225+0900: 1.880: [CMS-concurrent-abortable-preclean-start]
2019-03-16T22:39:29.343+0900: 1.999: [Full GC (System.gc()) 2019-03-16T22:39:29.343+0900: 1.999: [CMS2019-03-16T22:39:29.445+0900: 2.099: [CMS-concurrent-abortable-preclean: 0.118/0.219 secs] [Times: user=0.13 sys=0.00, real=0.22 secs] 
 (concurrent mode interrupted): 164011K->164255K(164256K), 0.6501685 secs] 274582K->245227K(400224K), [Metaspace: 3944K->3944K(1056768K)], 0.6505362 secs] [Times: user=0.55 sys=0.00, real=0.65 secs] 
2019-03-16T22:39:30.027+0900: 2.681: [Full GC (System.gc()) 2019-03-16T22:39:30.027+0900: 2.681: [CMS: 164255K->273759K(273760K), 0.5200601 secs] 253889K->275772K(509728K), [Metaspace: 3944K->3944K(1056768K)], 0.5205574 secs] [Times: user=0.48 sys=0.03, real=0.52 secs] 
2019-03-16T22:39:30.547+0900: 3.202: [GC (CMS Initial Mark) [1 CMS-initial-mark: 273759K(456268K)] 275772K(692236K), 0.0018440 secs] [Times: user=0.00 sys=0.00, real=0.00 secs] 
2019-03-16T22:39:30.549+0900: 3.204: [CMS-concurrent-mark-start]
2019-03-16T22:39:30.578+0900: 3.232: [Full GC (System.gc()) 2019-03-16T22:39:30.578+0900: 3.232: [CMS2019-03-16T22:39:30.747+0900: 3.402: [CMS-concurrent-mark: 0.198/0.198 secs] [Times: user=0.20 sys=0.00, real=0.20 secs] 
 (concurrent mode interrupted): 273759K->276569K(456268K), 0.6490828 secs] 284434K->276569K(692236K), [Metaspace: 3944K->3944K(1056768K)], 0.6492632 secs] [Times: user=0.64 sys=0.00, real=0.65 secs] 
2019-03-16T22:39:31.258+0900: 3.912: [Full GC (System.gc()) 2019-03-16T22:39:31.258+0900: 3.912: [CMS: 276569K->276569K(460952K), 0.5923936 secs] 285232K->276569K(696920K), [Metaspace: 3944K->3944K(1056768K)], 0.5926063 secs] [Times: user=0.59 sys=0.00, real=0.59 secs] 
2019-03-16T22:39:31.851+0900: 4.505: [GC (CMS Initial Mark) [1 CMS-initial-mark: 276569K(460952K)] 276569K(696920K), 0.0002298 secs] [Times: user=0.00 sys=0.00, real=0.00 secs] 
2019-03-16T22:39:31.851+0900: 4.506: [CMS-concurrent-mark-start]
2019-03-16T22:39:31.872+0900: 4.526: [Full GC (System.gc()) 2019-03-16T22:39:31.872+0900: 4.526: [CMS2019-03-16T22:39:32.051+0900: 4.706: [CMS-concurrent-mark: 0.200/0.200 secs] [Times: user=0.20 sys=0.00, real=0.20 secs] 
 (concurrent mode interrupted): 276569K->276569K(460952K), 0.9186666 secs] 285232K->276569K(696920K), [Metaspace: 3944K->3944K(1056768K)], 0.9187925 secs] [Times: user=0.89 sys=0.03, real=0.92 secs] 
2019-03-16T22:39:32.835+0900: 5.489: [Full GC (System.gc()) 2019-03-16T22:39:32.835+0900: 5.489: [CMS: 276569K->276569K(460952K), 0.7590151 secs] 289424K->276569K(696920K), [Metaspace: 3944K->3944K(1056768K)], 0.7591749 secs] [Times: user=0.67 sys=0.08, real=0.76 secs] 
2019-03-16T22:39:33.594+0900: 6.248: [GC (CMS Initial Mark) [1 CMS-initial-mark: 276569K(460952K)] 276569K(696920K), 0.0001854 secs] [Times: user=0.00 sys=0.00, real=0.00 secs] 
2019-03-16T22:39:33.594+0900: 6.249: [CMS-concurrent-mark-start]
2019-03-16T22:39:33.615+0900: 6.269: [Full GC (System.gc()) 2019-03-16T22:39:33.615+0900: 6.269: [CMS2019-03-16T22:39:33.791+0900: 6.446: [CMS-concurrent-mark: 0.197/0.197 secs] [Times: user=0.19 sys=0.02, real=0.20 secs] 
 (concurrent mode interrupted): 276569K->276569K(460952K), 0.9024376 secs] 285232K->276569K(696920K), [Metaspace: 3944K->3944K(1056768K)], 0.9025747 secs] [Times: user=0.86 sys=0.03, real=0.90 secs] 
2019-03-16T22:39:34.538+0900: 7.192: [Full GC (System.gc()) 2019-03-16T22:39:34.538+0900: 7.192: [CMS: 276569K->276569K(460952K), 0.7225141 secs] 285232K->276569K(696920K), [Metaspace: 3944K->3944K(1056768K)], 0.7226410 secs] [Times: user=0.65 sys=0.06, real=0.72 secs] 
2019-03-16T22:39:35.260+0900: 7.915: [GC (CMS Initial Mark) [1 CMS-initial-mark: 276569K(460952K)] 276569K(696920K), 0.0001770 secs] [Times: user=0.00 sys=0.00, real=0.00 secs] 
2019-03-16T22:39:35.261+0900: 7.915: [CMS-concurrent-mark-start]
2019-03-16T22:39:35.291+0900: 7.945: [Full GC (System.gc()) 2019-03-16T22:39:35.291+0900: 7.946: [CMS2019-03-16T22:39:35.455+0900: 8.110: [CMS-concurrent-mark: 0.194/0.195 secs] [Times: user=0.20 sys=0.00, real=0.19 secs] 
 (concurrent mode interrupted): 276569K->276569K(460952K), 0.8790539 secs] 285232K->276569K(696920K), [Metaspace: 3945K->3945K(1056768K)], 0.8791979 secs] [Times: user=0.83 sys=0.05, real=0.88 secs] 
2019-03-16T22:39:36.191+0900: 8.845: [Full GC (System.gc()) 2019-03-16T22:39:36.191+0900: 8.845: [CMS: 276569K->276569K(460952K), 0.7140242 secs] 285232K->276569K(696920K), [Metaspace: 3946K->3946K(1056768K)], 0.7141486 secs] [Times: user=0.67 sys=0.03, real=0.71 secs] 
2019-03-16T22:39:36.905+0900: 9.559: [GC (CMS Initial Mark) [1 CMS-initial-mark: 276569K(460952K)] 276569K(696920K), 0.0001061 secs] [Times: user=0.00 sys=0.00, real=0.00 secs] 
2019-03-16T22:39:36.905+0900: 9.560: [CMS-concurrent-mark-start]
2019-03-16T22:39:36.937+0900: 9.591: [Full GC (System.gc()) 2019-03-16T22:39:36.937+0900: 9.591: [CMS2019-03-16T22:39:37.102+0900: 9.757: [CMS-concurrent-mark: 0.197/0.198 secs] [Times: user=0.22 sys=0.00, real=0.20 secs] 
 (concurrent mode interrupted): 276569K->276569K(460952K), 0.8796050 secs] 285232K->276569K(696920K), [Metaspace: 3950K->3950K(1056768K)], 0.8797350 secs] [Times: user=0.83 sys=0.05, real=0.88 secs] 
2019-03-16T22:39:37.848+0900: 10.502: [Full GC (System.gc()) 2019-03-16T22:39:37.848+0900: 10.502: [CMS: 276569K->276570K(460952K), 0.6977296 secs] 285232K->276570K(696920K), [Metaspace: 3950K->3950K(1056768K)], 0.6978702 secs] [Times: user=0.65 sys=0.05, real=0.70 secs] 
2019-03-16T22:39:38.546+0900: 11.200: [GC (CMS Initial Mark) [1 CMS-initial-mark: 276570K(460952K)] 276570K(696920K), 0.0002112 secs] [Times: user=0.00 sys=0.00, real=0.00 secs] 
2019-03-16T22:39:38.546+0900: 11.201: [CMS-concurrent-mark-start]
2019-03-16T22:39:38.576+0900: 11.230: [Full GC (System.gc()) 2019-03-16T22:39:38.576+0900: 11.230: [CMS2019-03-16T22:39:38.740+0900: 11.395: [CMS-concurrent-mark: 0.194/0.194 secs] [Times: user=0.19 sys=0.00, real=0.19 secs] 
 (concurrent mode interrupted): 276570K->276570K(460952K), 0.8675020 secs] 285232K->276570K(696920K), [Metaspace: 3950K->3950K(1056768K)], 0.8676591 secs] [Times: user=0.83 sys=0.03, real=0.87 secs] 
2019-03-16T22:39:39.465+0900: 12.120: [Full GC (System.gc()) 2019-03-16T22:39:39.465+0900: 12.120: [CMS: 276570K->276570K(460952K), 0.6863510 secs] 285232K->276570K(696920K), [Metaspace: 3950K->3950K(1056768K)], 0.6864807 secs] [Times: user=0.62 sys=0.05, real=0.69 secs] 
2019-03-16T22:39:40.151+0900: 12.806: [GC (CMS Initial Mark) [1 CMS-initial-mark: 276570K(460952K)] 276570K(696920K), 0.0001381 secs] [Times: user=0.00 sys=0.00, real=0.00 secs] 
2019-03-16T22:39:40.152+0900: 12.806: [CMS-concurrent-mark-start]
2019-03-16T22:39:40.173+0900: 12.827: [Full GC (System.gc()) 2019-03-16T22:39:40.173+0900: 12.827: [CMS2019-03-16T22:39:40.344+0900: 12.999: [CMS-concurrent-mark: 0.192/0.192 secs] [Times: user=0.19 sys=0.00, real=0.19 secs] 
 (concurrent mode interrupted): 276570K->276570K(460952K), 0.8605912 secs] 285232K->276570K(696920K), [Metaspace: 3950K->3950K(1056768K)], 0.8607380 secs] [Times: user=0.81 sys=0.05, real=0.86 secs] 
2019-03-16T22:39:41.064+0900: 13.718: [Full GC (System.gc()) 2019-03-16T22:39:41.064+0900: 13.718: [CMS: 276570K->276570K(460952K), 0.7178442 secs] 285232K->276570K(696920K), [Metaspace: 3950K->3950K(1056768K)], 0.7180028 secs] [Times: user=0.69 sys=0.00, real=0.72 secs] 
2019-03-16T22:39:41.782+0900: 14.437: [GC (CMS Initial Mark) [1 CMS-initial-mark: 276570K(460952K)] 276570K(696920K), 0.0001754 secs] [Times: user=0.00 sys=0.00, real=0.00 secs] 
2019-03-16T22:39:41.782+0900: 14.437: [CMS-concurrent-mark-start]
2019-03-16T22:39:41.803+0900: 14.458: [Full GC (System.gc()) 2019-03-16T22:39:41.803+0900: 14.458: [CMS2019-03-16T22:39:41.974+0900: 14.629: [CMS-concurrent-mark: 0.192/0.192 secs] [Times: user=0.19 sys=0.00, real=0.19 secs] 
 (concurrent mode interrupted): 276570K->276570K(460952K), 0.8409842 secs] 285232K->276570K(696920K), [Metaspace: 3950K->3950K(1056768K)], 0.8411033 secs] [Times: user=0.81 sys=0.03, real=0.84 secs] 
2019-03-16T22:39:42.675+0900: 15.330: [Full GC (System.gc()) 2019-03-16T22:39:42.675+0900: 15.330: [CMS: 276570K->276570K(460952K), 0.6848242 secs] 285232K->276570K(696920K), [Metaspace: 3950K->3950K(1056768K)], 0.6849632 secs] [Times: user=0.67 sys=0.00, real=0.68 secs] 
2019-03-16T22:39:43.360+0900: 16.015: [GC (CMS Initial Mark) [1 CMS-initial-mark: 276570K(460952K)] 276570K(696920K), 0.0001210 secs] [Times: user=0.00 sys=0.00, real=0.00 secs] 
2019-03-16T22:39:43.360+0900: 16.015: [CMS-concurrent-mark-start]
2019-03-16T22:39:43.381+0900: 16.036: [Full GC (System.gc()) 2019-03-16T22:39:43.381+0900: 16.036: [CMS2019-03-16T22:39:43.547+0900: 16.202: [CMS-concurrent-mark: 0.187/0.187 secs] [Times: user=0.19 sys=0.00, real=0.19 secs] 
 (concurrent mode interrupted): 276570K->276570K(460952K), 0.8361012 secs] 285232K->276570K(696920K), [Metaspace: 3950K->3950K(1056768K)], 0.8362063 secs] [Times: user=0.80 sys=0.03, real=0.84 secs] 
2019-03-16T22:39:44.239+0900: 16.894: [Full GC (System.gc()) 2019-03-16T22:39:44.239+0900: 16.894: [CMS: 276570K->276570K(460952K), 0.6676600 secs] 285232K->276570K(696920K), [Metaspace: 3950K->3950K(1056768K)], 0.6677925 secs] [Times: user=0.61 sys=0.02, real=0.67 secs] 
2019-03-16T22:39:44.906+0900: 17.562: [GC (CMS Initial Mark) [1 CMS-initial-mark: 276570K(460952K)] 276570K(696920K), 0.0001278 secs] [Times: user=0.00 sys=0.00, real=0.00 secs] 
2019-03-16T22:39:44.907+0900: 17.562: [CMS-concurrent-mark-start]
2019-03-16T22:39:44.936+0900: 17.592: [Full GC (System.gc()) 2019-03-16T22:39:44.937+0900: 17.592: [CMS